/home/keshav/miniconda3/envs/sigmacld310/lib/python3.10/site-packages/pydantic/_internal/_fields.py:160: UserWarning: Field "model_id" has conflict with protected namespace "model_".

You may be able to resolve this warning by setting `model_config['protected_namespaces'] = ()`.
  warnings.warn(
/home/keshav/miniconda3/envs/sigmacld310/lib/python3.10/site-packages/pydantic/_internal/_fields.py:160: UserWarning: Field "model_name" has conflict with protected namespace "model_".

You may be able to resolve this warning by setting `model_config['protected_namespaces'] = ()`.
  warnings.warn(
/home/keshav/miniconda3/envs/sigmacld310/lib/python3.10/site-packages/pydantic/_internal/_fields.py:160: UserWarning: Field "model_type" has conflict with protected namespace "model_".

You may be able to resolve this warning by setting `model_config['protected_namespaces'] = ()`.
  warnings.warn(
/home/keshav/miniconda3/envs/sigmacld310/lib/python3.10/site-packages/pydantic/_internal/_fields.py:160: UserWarning: Field "model_metadata" has conflict with protected namespace "model_".

You may be able to resolve this warning by setting `model_config['protected_namespaces'] = ()`.
  warnings.warn(
INFO:     Started server process [220696]
INFO:     Waiting for application startup.
2026-03-22 19:24:46,973 - app.main - INFO - Axiom Cloud AI started successfully
2026-03-22 19:24:46,973 - app.main - INFO - Model storage: ./storage/models
2026-03-22 19:24:46,973 - app.main - INFO - Dataset storage: ./storage/datasets
INFO:     Application startup complete.
INFO:     Uvicorn running on http://0.0.0.0:8000 (Press CTRL+C to quit)
2026-03-22 19:24:59,578 - app.main - ERROR - Unhandled request error | id=f019cc21 method=GET path=/api/models duration_ms=54.77
Traceback (most recent call last):
  File "/home/keshav/miniconda3/envs/sigmacld310/lib/python3.10/site-packages/starlette/middleware/base.py", line 159, in call_next
    message = await recv_stream.receive()
  File "/home/keshav/miniconda3/envs/sigmacld310/lib/python3.10/site-packages/anyio/streams/memory.py", line 132, in receive
    raise EndOfStream from None
anyio.EndOfStream

During handling of the above exception, another exception occurred:

Traceback (most recent call last):
  File "/home/keshav/Downloads/sigmacloud/backend/app/main.py", line 83, in request_logging_middleware
    response = await call_next(request)
  File "/home/keshav/miniconda3/envs/sigmacld310/lib/python3.10/site-packages/starlette/middleware/base.py", line 165, in call_next
    raise app_exc
  File "/home/keshav/miniconda3/envs/sigmacld310/lib/python3.10/site-packages/starlette/middleware/base.py", line 151, in coro
    await self.app(scope, receive_or_disconnect, send_no_error)
  File "/home/keshav/miniconda3/envs/sigmacld310/lib/python3.10/site-packages/starlette/middleware/gzip.py", line 26, in __call__
    await self.app(scope, receive, send)
  File "/home/keshav/miniconda3/envs/sigmacld310/lib/python3.10/site-packages/starlette/middleware/cors.py", line 85, in __call__
    await self.app(scope, receive, send)
  File "/home/keshav/miniconda3/envs/sigmacld310/lib/python3.10/site-packages/starlette/middleware/exceptions.py", line 65, in __call__
    await wrap_app_handling_exceptions(self.app, conn)(scope, receive, send)
  File "/home/keshav/miniconda3/envs/sigmacld310/lib/python3.10/site-packages/starlette/_exception_handler.py", line 64, in wrapped_app
    raise exc
  File "/home/keshav/miniconda3/envs/sigmacld310/lib/python3.10/site-packages/starlette/_exception_handler.py", line 53, in wrapped_app
    await app(scope, receive, sender)
  File "/home/keshav/miniconda3/envs/sigmacld310/lib/python3.10/site-packages/starlette/routing.py", line 756, in __call__
    await self.middleware_stack(scope, receive, send)
  File "/home/keshav/miniconda3/envs/sigmacld310/lib/python3.10/site-packages/starlette/routing.py", line 776, in app
    await route.handle(scope, receive, send)
  File "/home/keshav/miniconda3/envs/sigmacld310/lib/python3.10/site-packages/starlette/routing.py", line 297, in handle
    await self.app(scope, receive, send)
  File "/home/keshav/miniconda3/envs/sigmacld310/lib/python3.10/site-packages/starlette/routing.py", line 77, in app
    await wrap_app_handling_exceptions(app, request)(scope, receive, send)
  File "/home/keshav/miniconda3/envs/sigmacld310/lib/python3.10/site-packages/starlette/_exception_handler.py", line 64, in wrapped_app
    raise exc
  File "/home/keshav/miniconda3/envs/sigmacld310/lib/python3.10/site-packages/starlette/_exception_handler.py", line 53, in wrapped_app
    await app(scope, receive, sender)
  File "/home/keshav/miniconda3/envs/sigmacld310/lib/python3.10/site-packages/starlette/routing.py", line 72, in app
    response = await func(request)
  File "/home/keshav/miniconda3/envs/sigmacld310/lib/python3.10/site-packages/fastapi/routing.py", line 307, in app
    response = actual_response_class(content, **response_args)
  File "/home/keshav/miniconda3/envs/sigmacld310/lib/python3.10/site-packages/starlette/responses.py", line 184, in __init__
    super().__init__(content, status_code, headers, media_type, background)
  File "/home/keshav/miniconda3/envs/sigmacld310/lib/python3.10/site-packages/starlette/responses.py", line 41, in __init__
    self.body = self.render(content)
  File "/home/keshav/miniconda3/envs/sigmacld310/lib/python3.10/site-packages/starlette/responses.py", line 187, in render
    return json.dumps(
  File "/home/keshav/miniconda3/envs/sigmacld310/lib/python3.10/json/__init__.py", line 238, in dumps
    **kw).encode(obj)
  File "/home/keshav/miniconda3/envs/sigmacld310/lib/python3.10/json/encoder.py", line 199, in encode
    chunks = self.iterencode(o, _one_shot=True)
  File "/home/keshav/miniconda3/envs/sigmacld310/lib/python3.10/json/encoder.py", line 257, in iterencode
    return _iterencode(o, 0)
ValueError: Out of range float values are not JSON compliant
2026-03-22 19:24:59,580 - app.main - ERROR - Unhandled exception | id=f019cc21 method=GET path=/api/models
  + Exception Group Traceback (most recent call last):
  |   File "/home/keshav/miniconda3/envs/sigmacld310/lib/python3.10/site-packages/starlette/_utils.py", line 87, in collapse_excgroups
  |     yield
  |   File "/home/keshav/miniconda3/envs/sigmacld310/lib/python3.10/site-packages/starlette/middleware/base.py", line 190, in __call__
  |     async with anyio.create_task_group() as task_group:
  |   File "/home/keshav/miniconda3/envs/sigmacld310/lib/python3.10/site-packages/anyio/_backends/_asyncio.py", line 783, in __aexit__
  |     raise BaseExceptionGroup(
  | exceptiongroup.ExceptionGroup: unhandled errors in a TaskGroup (1 sub-exception)
  +-+---------------- 1 ----------------
    | Traceback (most recent call last):
    |   File "/home/keshav/miniconda3/envs/sigmacld310/lib/python3.10/site-packages/starlette/middleware/errors.py", line 164, in __call__
    |     await self.app(scope, receive, _send)
    |   File "/home/keshav/miniconda3/envs/sigmacld310/lib/python3.10/site-packages/starlette/middleware/base.py", line 189, in __call__
    |     with collapse_excgroups():
    |   File "/home/keshav/miniconda3/envs/sigmacld310/lib/python3.10/contextlib.py", line 153, in __exit__
    |     self.gen.throw(typ, value, traceback)
    |   File "/home/keshav/miniconda3/envs/sigmacld310/lib/python3.10/site-packages/starlette/_utils.py", line 93, in collapse_excgroups
    |     raise exc
    |   File "/home/keshav/miniconda3/envs/sigmacld310/lib/python3.10/site-packages/starlette/middleware/base.py", line 191, in __call__
    |     response = await self.dispatch_func(request, call_next)
    |   File "/home/keshav/Downloads/sigmacloud/backend/app/main.py", line 83, in request_logging_middleware
    |     response = await call_next(request)
    |   File "/home/keshav/miniconda3/envs/sigmacld310/lib/python3.10/site-packages/starlette/middleware/base.py", line 165, in call_next
    |     raise app_exc
    |   File "/home/keshav/miniconda3/envs/sigmacld310/lib/python3.10/site-packages/starlette/middleware/base.py", line 151, in coro
    |     await self.app(scope, receive_or_disconnect, send_no_error)
    |   File "/home/keshav/miniconda3/envs/sigmacld310/lib/python3.10/site-packages/starlette/middleware/gzip.py", line 26, in __call__
    |     await self.app(scope, receive, send)
    |   File "/home/keshav/miniconda3/envs/sigmacld310/lib/python3.10/site-packages/starlette/middleware/cors.py", line 85, in __call__
    |     await self.app(scope, receive, send)
    |   File "/home/keshav/miniconda3/envs/sigmacld310/lib/python3.10/site-packages/starlette/middleware/exceptions.py", line 65, in __call__
    |     await wrap_app_handling_exceptions(self.app, conn)(scope, receive, send)
    |   File "/home/keshav/miniconda3/envs/sigmacld310/lib/python3.10/site-packages/starlette/_exception_handler.py", line 64, in wrapped_app
    |     raise exc
    |   File "/home/keshav/miniconda3/envs/sigmacld310/lib/python3.10/site-packages/starlette/_exception_handler.py", line 53, in wrapped_app
    |     await app(scope, receive, sender)
    |   File "/home/keshav/miniconda3/envs/sigmacld310/lib/python3.10/site-packages/starlette/routing.py", line 756, in __call__
    |     await self.middleware_stack(scope, receive, send)
    |   File "/home/keshav/miniconda3/envs/sigmacld310/lib/python3.10/site-packages/starlette/routing.py", line 776, in app
    |     await route.handle(scope, receive, send)
    |   File "/home/keshav/miniconda3/envs/sigmacld310/lib/python3.10/site-packages/starlette/routing.py", line 297, in handle
    |     await self.app(scope, receive, send)
    |   File "/home/keshav/miniconda3/envs/sigmacld310/lib/python3.10/site-packages/starlette/routing.py", line 77, in app
    |     await wrap_app_handling_exceptions(app, request)(scope, receive, send)
    |   File "/home/keshav/miniconda3/envs/sigmacld310/lib/python3.10/site-packages/starlette/_exception_handler.py", line 64, in wrapped_app
    |     raise exc
    |   File "/home/keshav/miniconda3/envs/sigmacld310/lib/python3.10/site-packages/starlette/_exception_handler.py", line 53, in wrapped_app
    |     await app(scope, receive, sender)
    |   File "/home/keshav/miniconda3/envs/sigmacld310/lib/python3.10/site-packages/starlette/routing.py", line 72, in app
    |     response = await func(request)
    |   File "/home/keshav/miniconda3/envs/sigmacld310/lib/python3.10/site-packages/fastapi/routing.py", line 307, in app
    |     response = actual_response_class(content, **response_args)
    |   File "/home/keshav/miniconda3/envs/sigmacld310/lib/python3.10/site-packages/starlette/responses.py", line 184, in __init__
    |     super().__init__(content, status_code, headers, media_type, background)
    |   File "/home/keshav/miniconda3/envs/sigmacld310/lib/python3.10/site-packages/starlette/responses.py", line 41, in __init__
    |     self.body = self.render(content)
    |   File "/home/keshav/miniconda3/envs/sigmacld310/lib/python3.10/site-packages/starlette/responses.py", line 187, in render
    |     return json.dumps(
    |   File "/home/keshav/miniconda3/envs/sigmacld310/lib/python3.10/json/__init__.py", line 238, in dumps
    |     **kw).encode(obj)
    |   File "/home/keshav/miniconda3/envs/sigmacld310/lib/python3.10/json/encoder.py", line 199, in encode
    |     chunks = self.iterencode(o, _one_shot=True)
    |   File "/home/keshav/miniconda3/envs/sigmacld310/lib/python3.10/json/encoder.py", line 257, in iterencode
    |     return _iterencode(o, 0)
    | ValueError: Out of range float values are not JSON compliant
    +------------------------------------

During handling of the above exception, another exception occurred:

Traceback (most recent call last):
  File "/home/keshav/miniconda3/envs/sigmacld310/lib/python3.10/site-packages/starlette/middleware/errors.py", line 164, in __call__
    await self.app(scope, receive, _send)
  File "/home/keshav/miniconda3/envs/sigmacld310/lib/python3.10/site-packages/starlette/middleware/base.py", line 189, in __call__
    with collapse_excgroups():
  File "/home/keshav/miniconda3/envs/sigmacld310/lib/python3.10/contextlib.py", line 153, in __exit__
    self.gen.throw(typ, value, traceback)
  File "/home/keshav/miniconda3/envs/sigmacld310/lib/python3.10/site-packages/starlette/_utils.py", line 93, in collapse_excgroups
    raise exc
  File "/home/keshav/miniconda3/envs/sigmacld310/lib/python3.10/site-packages/starlette/middleware/base.py", line 191, in __call__
    response = await self.dispatch_func(request, call_next)
  File "/home/keshav/Downloads/sigmacloud/backend/app/main.py", line 83, in request_logging_middleware
    response = await call_next(request)
  File "/home/keshav/miniconda3/envs/sigmacld310/lib/python3.10/site-packages/starlette/middleware/base.py", line 165, in call_next
    raise app_exc
  File "/home/keshav/miniconda3/envs/sigmacld310/lib/python3.10/site-packages/starlette/middleware/base.py", line 151, in coro
    await self.app(scope, receive_or_disconnect, send_no_error)
  File "/home/keshav/miniconda3/envs/sigmacld310/lib/python3.10/site-packages/starlette/middleware/gzip.py", line 26, in __call__
    await self.app(scope, receive, send)
  File "/home/keshav/miniconda3/envs/sigmacld310/lib/python3.10/site-packages/starlette/middleware/cors.py", line 85, in __call__
    await self.app(scope, receive, send)
  File "/home/keshav/miniconda3/envs/sigmacld310/lib/python3.10/site-packages/starlette/middleware/exceptions.py", line 65, in __call__
    await wrap_app_handling_exceptions(self.app, conn)(scope, receive, send)
  File "/home/keshav/miniconda3/envs/sigmacld310/lib/python3.10/site-packages/starlette/_exception_handler.py", line 64, in wrapped_app
    raise exc
  File "/home/keshav/miniconda3/envs/sigmacld310/lib/python3.10/site-packages/starlette/_exception_handler.py", line 53, in wrapped_app
    await app(scope, receive, sender)
  File "/home/keshav/miniconda3/envs/sigmacld310/lib/python3.10/site-packages/starlette/routing.py", line 756, in __call__
    await self.middleware_stack(scope, receive, send)
  File "/home/keshav/miniconda3/envs/sigmacld310/lib/python3.10/site-packages/starlette/routing.py", line 776, in app
    await route.handle(scope, receive, send)
  File "/home/keshav/miniconda3/envs/sigmacld310/lib/python3.10/site-packages/starlette/routing.py", line 297, in handle
    await self.app(scope, receive, send)
  File "/home/keshav/miniconda3/envs/sigmacld310/lib/python3.10/site-packages/starlette/routing.py", line 77, in app
    await wrap_app_handling_exceptions(app, request)(scope, receive, send)
  File "/home/keshav/miniconda3/envs/sigmacld310/lib/python3.10/site-packages/starlette/_exception_handler.py", line 64, in wrapped_app
    raise exc
  File "/home/keshav/miniconda3/envs/sigmacld310/lib/python3.10/site-packages/starlette/_exception_handler.py", line 53, in wrapped_app
    await app(scope, receive, sender)
  File "/home/keshav/miniconda3/envs/sigmacld310/lib/python3.10/site-packages/starlette/routing.py", line 72, in app
    response = await func(request)
  File "/home/keshav/miniconda3/envs/sigmacld310/lib/python3.10/site-packages/fastapi/routing.py", line 307, in app
    response = actual_response_class(content, **response_args)
  File "/home/keshav/miniconda3/envs/sigmacld310/lib/python3.10/site-packages/starlette/responses.py", line 184, in __init__
    super().__init__(content, status_code, headers, media_type, background)
  File "/home/keshav/miniconda3/envs/sigmacld310/lib/python3.10/site-packages/starlette/responses.py", line 41, in __init__
    self.body = self.render(content)
  File "/home/keshav/miniconda3/envs/sigmacld310/lib/python3.10/site-packages/starlette/responses.py", line 187, in render
    return json.dumps(
  File "/home/keshav/miniconda3/envs/sigmacld310/lib/python3.10/json/__init__.py", line 238, in dumps
    **kw).encode(obj)
  File "/home/keshav/miniconda3/envs/sigmacld310/lib/python3.10/json/encoder.py", line 199, in encode
    chunks = self.iterencode(o, _one_shot=True)
  File "/home/keshav/miniconda3/envs/sigmacld310/lib/python3.10/json/encoder.py", line 257, in iterencode
    return _iterencode(o, 0)
ValueError: Out of range float values are not JSON compliant
INFO:     127.0.0.1:35790 - "GET /api/models HTTP/1.1" 500 Internal Server Error
ERROR:    Exception in ASGI application
  + Exception Group Traceback (most recent call last):
  |   File "/home/keshav/miniconda3/envs/sigmacld310/lib/python3.10/site-packages/starlette/_utils.py", line 87, in collapse_excgroups
  |     yield
  |   File "/home/keshav/miniconda3/envs/sigmacld310/lib/python3.10/site-packages/starlette/middleware/base.py", line 190, in __call__
  |     async with anyio.create_task_group() as task_group:
  |   File "/home/keshav/miniconda3/envs/sigmacld310/lib/python3.10/site-packages/anyio/_backends/_asyncio.py", line 783, in __aexit__
  |     raise BaseExceptionGroup(
  | exceptiongroup.ExceptionGroup: unhandled errors in a TaskGroup (1 sub-exception)
  +-+---------------- 1 ----------------
    | Traceback (most recent call last):
    |   File "/home/keshav/miniconda3/envs/sigmacld310/lib/python3.10/site-packages/uvicorn/protocols/http/httptools_impl.py", line 411, in run_asgi
    |     result = await app(  # type: ignore[func-returns-value]
    |   File "/home/keshav/miniconda3/envs/sigmacld310/lib/python3.10/site-packages/uvicorn/middleware/proxy_headers.py", line 69, in __call__
    |     return await self.app(scope, receive, send)
    |   File "/home/keshav/miniconda3/envs/sigmacld310/lib/python3.10/site-packages/fastapi/applications.py", line 1054, in __call__
    |     await super().__call__(scope, receive, send)
    |   File "/home/keshav/miniconda3/envs/sigmacld310/lib/python3.10/site-packages/starlette/applications.py", line 123, in __call__
    |     await self.middleware_stack(scope, receive, send)
    |   File "/home/keshav/miniconda3/envs/sigmacld310/lib/python3.10/site-packages/starlette/middleware/errors.py", line 186, in __call__
    |     raise exc
    |   File "/home/keshav/miniconda3/envs/sigmacld310/lib/python3.10/site-packages/starlette/middleware/errors.py", line 164, in __call__
    |     await self.app(scope, receive, _send)
    |   File "/home/keshav/miniconda3/envs/sigmacld310/lib/python3.10/site-packages/starlette/middleware/base.py", line 189, in __call__
    |     with collapse_excgroups():
    |   File "/home/keshav/miniconda3/envs/sigmacld310/lib/python3.10/contextlib.py", line 153, in __exit__
    |     self.gen.throw(typ, value, traceback)
    |   File "/home/keshav/miniconda3/envs/sigmacld310/lib/python3.10/site-packages/starlette/_utils.py", line 93, in collapse_excgroups
    |     raise exc
    |   File "/home/keshav/miniconda3/envs/sigmacld310/lib/python3.10/site-packages/starlette/middleware/base.py", line 191, in __call__
    |     response = await self.dispatch_func(request, call_next)
    |   File "/home/keshav/Downloads/sigmacloud/backend/app/main.py", line 83, in request_logging_middleware
    |     response = await call_next(request)
    |   File "/home/keshav/miniconda3/envs/sigmacld310/lib/python3.10/site-packages/starlette/middleware/base.py", line 165, in call_next
    |     raise app_exc
    |   File "/home/keshav/miniconda3/envs/sigmacld310/lib/python3.10/site-packages/starlette/middleware/base.py", line 151, in coro
    |     await self.app(scope, receive_or_disconnect, send_no_error)
    |   File "/home/keshav/miniconda3/envs/sigmacld310/lib/python3.10/site-packages/starlette/middleware/gzip.py", line 26, in __call__
    |     await self.app(scope, receive, send)
    |   File "/home/keshav/miniconda3/envs/sigmacld310/lib/python3.10/site-packages/starlette/middleware/cors.py", line 85, in __call__
    |     await self.app(scope, receive, send)
    |   File "/home/keshav/miniconda3/envs/sigmacld310/lib/python3.10/site-packages/starlette/middleware/exceptions.py", line 65, in __call__
    |     await wrap_app_handling_exceptions(self.app, conn)(scope, receive, send)
    |   File "/home/keshav/miniconda3/envs/sigmacld310/lib/python3.10/site-packages/starlette/_exception_handler.py", line 64, in wrapped_app
    |     raise exc
    |   File "/home/keshav/miniconda3/envs/sigmacld310/lib/python3.10/site-packages/starlette/_exception_handler.py", line 53, in wrapped_app
    |     await app(scope, receive, sender)
    |   File "/home/keshav/miniconda3/envs/sigmacld310/lib/python3.10/site-packages/starlette/routing.py", line 756, in __call__
    |     await self.middleware_stack(scope, receive, send)
    |   File "/home/keshav/miniconda3/envs/sigmacld310/lib/python3.10/site-packages/starlette/routing.py", line 776, in app
    |     await route.handle(scope, receive, send)
    |   File "/home/keshav/miniconda3/envs/sigmacld310/lib/python3.10/site-packages/starlette/routing.py", line 297, in handle
    |     await self.app(scope, receive, send)
    |   File "/home/keshav/miniconda3/envs/sigmacld310/lib/python3.10/site-packages/starlette/routing.py", line 77, in app
    |     await wrap_app_handling_exceptions(app, request)(scope, receive, send)
    |   File "/home/keshav/miniconda3/envs/sigmacld310/lib/python3.10/site-packages/starlette/_exception_handler.py", line 64, in wrapped_app
    |     raise exc
    |   File "/home/keshav/miniconda3/envs/sigmacld310/lib/python3.10/site-packages/starlette/_exception_handler.py", line 53, in wrapped_app
    |     await app(scope, receive, sender)
    |   File "/home/keshav/miniconda3/envs/sigmacld310/lib/python3.10/site-packages/starlette/routing.py", line 72, in app
    |     response = await func(request)
    |   File "/home/keshav/miniconda3/envs/sigmacld310/lib/python3.10/site-packages/fastapi/routing.py", line 307, in app
    |     response = actual_response_class(content, **response_args)
    |   File "/home/keshav/miniconda3/envs/sigmacld310/lib/python3.10/site-packages/starlette/responses.py", line 184, in __init__
    |     super().__init__(content, status_code, headers, media_type, background)
    |   File "/home/keshav/miniconda3/envs/sigmacld310/lib/python3.10/site-packages/starlette/responses.py", line 41, in __init__
    |     self.body = self.render(content)
    |   File "/home/keshav/miniconda3/envs/sigmacld310/lib/python3.10/site-packages/starlette/responses.py", line 187, in render
    |     return json.dumps(
    |   File "/home/keshav/miniconda3/envs/sigmacld310/lib/python3.10/json/__init__.py", line 238, in dumps
    |     **kw).encode(obj)
    |   File "/home/keshav/miniconda3/envs/sigmacld310/lib/python3.10/json/encoder.py", line 199, in encode
    |     chunks = self.iterencode(o, _one_shot=True)
    |   File "/home/keshav/miniconda3/envs/sigmacld310/lib/python3.10/json/encoder.py", line 257, in iterencode
    |     return _iterencode(o, 0)
    | ValueError: Out of range float values are not JSON compliant
    +------------------------------------

During handling of the above exception, another exception occurred:

Traceback (most recent call last):
  File "/home/keshav/miniconda3/envs/sigmacld310/lib/python3.10/site-packages/uvicorn/protocols/http/httptools_impl.py", line 411, in run_asgi
    result = await app(  # type: ignore[func-returns-value]
  File "/home/keshav/miniconda3/envs/sigmacld310/lib/python3.10/site-packages/uvicorn/middleware/proxy_headers.py", line 69, in __call__
    return await self.app(scope, receive, send)
  File "/home/keshav/miniconda3/envs/sigmacld310/lib/python3.10/site-packages/fastapi/applications.py", line 1054, in __call__
    await super().__call__(scope, receive, send)
  File "/home/keshav/miniconda3/envs/sigmacld310/lib/python3.10/site-packages/starlette/applications.py", line 123, in __call__
    await self.middleware_stack(scope, receive, send)
  File "/home/keshav/miniconda3/envs/sigmacld310/lib/python3.10/site-packages/starlette/middleware/errors.py", line 186, in __call__
    raise exc
  File "/home/keshav/miniconda3/envs/sigmacld310/lib/python3.10/site-packages/starlette/middleware/errors.py", line 164, in __call__
    await self.app(scope, receive, _send)
  File "/home/keshav/miniconda3/envs/sigmacld310/lib/python3.10/site-packages/starlette/middleware/base.py", line 189, in __call__
    with collapse_excgroups():
  File "/home/keshav/miniconda3/envs/sigmacld310/lib/python3.10/contextlib.py", line 153, in __exit__
    self.gen.throw(typ, value, traceback)
  File "/home/keshav/miniconda3/envs/sigmacld310/lib/python3.10/site-packages/starlette/_utils.py", line 93, in collapse_excgroups
    raise exc
  File "/home/keshav/miniconda3/envs/sigmacld310/lib/python3.10/site-packages/starlette/middleware/base.py", line 191, in __call__
    response = await self.dispatch_func(request, call_next)
  File "/home/keshav/Downloads/sigmacloud/backend/app/main.py", line 83, in request_logging_middleware
    response = await call_next(request)
  File "/home/keshav/miniconda3/envs/sigmacld310/lib/python3.10/site-packages/starlette/middleware/base.py", line 165, in call_next
    raise app_exc
  File "/home/keshav/miniconda3/envs/sigmacld310/lib/python3.10/site-packages/starlette/middleware/base.py", line 151, in coro
    await self.app(scope, receive_or_disconnect, send_no_error)
  File "/home/keshav/miniconda3/envs/sigmacld310/lib/python3.10/site-packages/starlette/middleware/gzip.py", line 26, in __call__
    await self.app(scope, receive, send)
  File "/home/keshav/miniconda3/envs/sigmacld310/lib/python3.10/site-packages/starlette/middleware/cors.py", line 85, in __call__
    await self.app(scope, receive, send)
  File "/home/keshav/miniconda3/envs/sigmacld310/lib/python3.10/site-packages/starlette/middleware/exceptions.py", line 65, in __call__
    await wrap_app_handling_exceptions(self.app, conn)(scope, receive, send)
  File "/home/keshav/miniconda3/envs/sigmacld310/lib/python3.10/site-packages/starlette/_exception_handler.py", line 64, in wrapped_app
    raise exc
  File "/home/keshav/miniconda3/envs/sigmacld310/lib/python3.10/site-packages/starlette/_exception_handler.py", line 53, in wrapped_app
    await app(scope, receive, sender)
  File "/home/keshav/miniconda3/envs/sigmacld310/lib/python3.10/site-packages/starlette/routing.py", line 756, in __call__
    await self.middleware_stack(scope, receive, send)
  File "/home/keshav/miniconda3/envs/sigmacld310/lib/python3.10/site-packages/starlette/routing.py", line 776, in app
    await route.handle(scope, receive, send)
  File "/home/keshav/miniconda3/envs/sigmacld310/lib/python3.10/site-packages/starlette/routing.py", line 297, in handle
    await self.app(scope, receive, send)
  File "/home/keshav/miniconda3/envs/sigmacld310/lib/python3.10/site-packages/starlette/routing.py", line 77, in app
    await wrap_app_handling_exceptions(app, request)(scope, receive, send)
  File "/home/keshav/miniconda3/envs/sigmacld310/lib/python3.10/site-packages/starlette/_exception_handler.py", line 64, in wrapped_app
    raise exc
  File "/home/keshav/miniconda3/envs/sigmacld310/lib/python3.10/site-packages/starlette/_exception_handler.py", line 53, in wrapped_app
    await app(scope, receive, sender)
  File "/home/keshav/miniconda3/envs/sigmacld310/lib/python3.10/site-packages/starlette/routing.py", line 72, in app
    response = await func(request)
  File "/home/keshav/miniconda3/envs/sigmacld310/lib/python3.10/site-packages/fastapi/routing.py", line 307, in app
    response = actual_response_class(content, **response_args)
  File "/home/keshav/miniconda3/envs/sigmacld310/lib/python3.10/site-packages/starlette/responses.py", line 184, in __init__
    super().__init__(content, status_code, headers, media_type, background)
  File "/home/keshav/miniconda3/envs/sigmacld310/lib/python3.10/site-packages/starlette/responses.py", line 41, in __init__
    self.body = self.render(content)
  File "/home/keshav/miniconda3/envs/sigmacld310/lib/python3.10/site-packages/starlette/responses.py", line 187, in render
    return json.dumps(
  File "/home/keshav/miniconda3/envs/sigmacld310/lib/python3.10/json/__init__.py", line 238, in dumps
    **kw).encode(obj)
  File "/home/keshav/miniconda3/envs/sigmacld310/lib/python3.10/json/encoder.py", line 199, in encode
    chunks = self.iterencode(o, _one_shot=True)
  File "/home/keshav/miniconda3/envs/sigmacld310/lib/python3.10/json/encoder.py", line 257, in iterencode
    return _iterencode(o, 0)
ValueError: Out of range float values are not JSON compliant
2026-03-22 19:25:18,169 - app.main - ERROR - Unhandled request error | id=94fd3b6f method=GET path=/api/models duration_ms=44.14
Traceback (most recent call last):
  File "/home/keshav/miniconda3/envs/sigmacld310/lib/python3.10/site-packages/starlette/middleware/base.py", line 159, in call_next
    message = await recv_stream.receive()
  File "/home/keshav/miniconda3/envs/sigmacld310/lib/python3.10/site-packages/anyio/streams/memory.py", line 132, in receive
    raise EndOfStream from None
anyio.EndOfStream

During handling of the above exception, another exception occurred:

Traceback (most recent call last):
  File "/home/keshav/Downloads/sigmacloud/backend/app/main.py", line 83, in request_logging_middleware
    response = await call_next(request)
  File "/home/keshav/miniconda3/envs/sigmacld310/lib/python3.10/site-packages/starlette/middleware/base.py", line 165, in call_next
    raise app_exc
  File "/home/keshav/miniconda3/envs/sigmacld310/lib/python3.10/site-packages/starlette/middleware/base.py", line 151, in coro
    await self.app(scope, receive_or_disconnect, send_no_error)
  File "/home/keshav/miniconda3/envs/sigmacld310/lib/python3.10/site-packages/starlette/middleware/gzip.py", line 26, in __call__
    await self.app(scope, receive, send)
  File "/home/keshav/miniconda3/envs/sigmacld310/lib/python3.10/site-packages/starlette/middleware/cors.py", line 85, in __call__
    await self.app(scope, receive, send)
  File "/home/keshav/miniconda3/envs/sigmacld310/lib/python3.10/site-packages/starlette/middleware/exceptions.py", line 65, in __call__
    await wrap_app_handling_exceptions(self.app, conn)(scope, receive, send)
  File "/home/keshav/miniconda3/envs/sigmacld310/lib/python3.10/site-packages/starlette/_exception_handler.py", line 64, in wrapped_app
    raise exc
  File "/home/keshav/miniconda3/envs/sigmacld310/lib/python3.10/site-packages/starlette/_exception_handler.py", line 53, in wrapped_app
    await app(scope, receive, sender)
  File "/home/keshav/miniconda3/envs/sigmacld310/lib/python3.10/site-packages/starlette/routing.py", line 756, in __call__
    await self.middleware_stack(scope, receive, send)
  File "/home/keshav/miniconda3/envs/sigmacld310/lib/python3.10/site-packages/starlette/routing.py", line 776, in app
    await route.handle(scope, receive, send)
  File "/home/keshav/miniconda3/envs/sigmacld310/lib/python3.10/site-packages/starlette/routing.py", line 297, in handle
    await self.app(scope, receive, send)
  File "/home/keshav/miniconda3/envs/sigmacld310/lib/python3.10/site-packages/starlette/routing.py", line 77, in app
    await wrap_app_handling_exceptions(app, request)(scope, receive, send)
  File "/home/keshav/miniconda3/envs/sigmacld310/lib/python3.10/site-packages/starlette/_exception_handler.py", line 64, in wrapped_app
    raise exc
  File "/home/keshav/miniconda3/envs/sigmacld310/lib/python3.10/site-packages/starlette/_exception_handler.py", line 53, in wrapped_app
    await app(scope, receive, sender)
  File "/home/keshav/miniconda3/envs/sigmacld310/lib/python3.10/site-packages/starlette/routing.py", line 72, in app
    response = await func(request)
  File "/home/keshav/miniconda3/envs/sigmacld310/lib/python3.10/site-packages/fastapi/routing.py", line 307, in app
    response = actual_response_class(content, **response_args)
  File "/home/keshav/miniconda3/envs/sigmacld310/lib/python3.10/site-packages/starlette/responses.py", line 184, in __init__
    super().__init__(content, status_code, headers, media_type, background)
  File "/home/keshav/miniconda3/envs/sigmacld310/lib/python3.10/site-packages/starlette/responses.py", line 41, in __init__
    self.body = self.render(content)
  File "/home/keshav/miniconda3/envs/sigmacld310/lib/python3.10/site-packages/starlette/responses.py", line 187, in render
    return json.dumps(
  File "/home/keshav/miniconda3/envs/sigmacld310/lib/python3.10/json/__init__.py", line 238, in dumps
    **kw).encode(obj)
  File "/home/keshav/miniconda3/envs/sigmacld310/lib/python3.10/json/encoder.py", line 199, in encode
    chunks = self.iterencode(o, _one_shot=True)
  File "/home/keshav/miniconda3/envs/sigmacld310/lib/python3.10/json/encoder.py", line 257, in iterencode
    return _iterencode(o, 0)
ValueError: Out of range float values are not JSON compliant
2026-03-22 19:25:18,169 - app.main - ERROR - Unhandled exception | id=94fd3b6f method=GET path=/api/models
  + Exception Group Traceback (most recent call last):
  |   File "/home/keshav/miniconda3/envs/sigmacld310/lib/python3.10/site-packages/starlette/_utils.py", line 87, in collapse_excgroups
  |     yield
  |   File "/home/keshav/miniconda3/envs/sigmacld310/lib/python3.10/site-packages/starlette/middleware/base.py", line 190, in __call__
  |     async with anyio.create_task_group() as task_group:
  |   File "/home/keshav/miniconda3/envs/sigmacld310/lib/python3.10/site-packages/anyio/_backends/_asyncio.py", line 783, in __aexit__
  |     raise BaseExceptionGroup(
  | exceptiongroup.ExceptionGroup: unhandled errors in a TaskGroup (1 sub-exception)
  +-+---------------- 1 ----------------
    | Traceback (most recent call last):
    |   File "/home/keshav/miniconda3/envs/sigmacld310/lib/python3.10/site-packages/starlette/middleware/errors.py", line 164, in __call__
    |     await self.app(scope, receive, _send)
    |   File "/home/keshav/miniconda3/envs/sigmacld310/lib/python3.10/site-packages/starlette/middleware/base.py", line 189, in __call__
    |     with collapse_excgroups():
    |   File "/home/keshav/miniconda3/envs/sigmacld310/lib/python3.10/contextlib.py", line 153, in __exit__
    |     self.gen.throw(typ, value, traceback)
    |   File "/home/keshav/miniconda3/envs/sigmacld310/lib/python3.10/site-packages/starlette/_utils.py", line 93, in collapse_excgroups
    |     raise exc
    |   File "/home/keshav/miniconda3/envs/sigmacld310/lib/python3.10/site-packages/starlette/middleware/base.py", line 191, in __call__
    |     response = await self.dispatch_func(request, call_next)
    |   File "/home/keshav/Downloads/sigmacloud/backend/app/main.py", line 83, in request_logging_middleware
    |     response = await call_next(request)
    |   File "/home/keshav/miniconda3/envs/sigmacld310/lib/python3.10/site-packages/starlette/middleware/base.py", line 165, in call_next
    |     raise app_exc
    |   File "/home/keshav/miniconda3/envs/sigmacld310/lib/python3.10/site-packages/starlette/middleware/base.py", line 151, in coro
    |     await self.app(scope, receive_or_disconnect, send_no_error)
    |   File "/home/keshav/miniconda3/envs/sigmacld310/lib/python3.10/site-packages/starlette/middleware/gzip.py", line 26, in __call__
    |     await self.app(scope, receive, send)
    |   File "/home/keshav/miniconda3/envs/sigmacld310/lib/python3.10/site-packages/starlette/middleware/cors.py", line 85, in __call__
    |     await self.app(scope, receive, send)
    |   File "/home/keshav/miniconda3/envs/sigmacld310/lib/python3.10/site-packages/starlette/middleware/exceptions.py", line 65, in __call__
    |     await wrap_app_handling_exceptions(self.app, conn)(scope, receive, send)
    |   File "/home/keshav/miniconda3/envs/sigmacld310/lib/python3.10/site-packages/starlette/_exception_handler.py", line 64, in wrapped_app
    |     raise exc
    |   File "/home/keshav/miniconda3/envs/sigmacld310/lib/python3.10/site-packages/starlette/_exception_handler.py", line 53, in wrapped_app
    |     await app(scope, receive, sender)
    |   File "/home/keshav/miniconda3/envs/sigmacld310/lib/python3.10/site-packages/starlette/routing.py", line 756, in __call__
    |     await self.middleware_stack(scope, receive, send)
    |   File "/home/keshav/miniconda3/envs/sigmacld310/lib/python3.10/site-packages/starlette/routing.py", line 776, in app
    |     await route.handle(scope, receive, send)
    |   File "/home/keshav/miniconda3/envs/sigmacld310/lib/python3.10/site-packages/starlette/routing.py", line 297, in handle
    |     await self.app(scope, receive, send)
    |   File "/home/keshav/miniconda3/envs/sigmacld310/lib/python3.10/site-packages/starlette/routing.py", line 77, in app
    |     await wrap_app_handling_exceptions(app, request)(scope, receive, send)
    |   File "/home/keshav/miniconda3/envs/sigmacld310/lib/python3.10/site-packages/starlette/_exception_handler.py", line 64, in wrapped_app
    |     raise exc
    |   File "/home/keshav/miniconda3/envs/sigmacld310/lib/python3.10/site-packages/starlette/_exception_handler.py", line 53, in wrapped_app
    |     await app(scope, receive, sender)
    |   File "/home/keshav/miniconda3/envs/sigmacld310/lib/python3.10/site-packages/starlette/routing.py", line 72, in app
    |     response = await func(request)
    |   File "/home/keshav/miniconda3/envs/sigmacld310/lib/python3.10/site-packages/fastapi/routing.py", line 307, in app
    |     response = actual_response_class(content, **response_args)
    |   File "/home/keshav/miniconda3/envs/sigmacld310/lib/python3.10/site-packages/starlette/responses.py", line 184, in __init__
    |     super().__init__(content, status_code, headers, media_type, background)
    |   File "/home/keshav/miniconda3/envs/sigmacld310/lib/python3.10/site-packages/starlette/responses.py", line 41, in __init__
    |     self.body = self.render(content)
    |   File "/home/keshav/miniconda3/envs/sigmacld310/lib/python3.10/site-packages/starlette/responses.py", line 187, in render
    |     return json.dumps(
    |   File "/home/keshav/miniconda3/envs/sigmacld310/lib/python3.10/json/__init__.py", line 238, in dumps
    |     **kw).encode(obj)
    |   File "/home/keshav/miniconda3/envs/sigmacld310/lib/python3.10/json/encoder.py", line 199, in encode
    |     chunks = self.iterencode(o, _one_shot=True)
    |   File "/home/keshav/miniconda3/envs/sigmacld310/lib/python3.10/json/encoder.py", line 257, in iterencode
    |     return _iterencode(o, 0)
    | ValueError: Out of range float values are not JSON compliant
    +------------------------------------

During handling of the above exception, another exception occurred:

Traceback (most recent call last):
  File "/home/keshav/miniconda3/envs/sigmacld310/lib/python3.10/site-packages/starlette/middleware/errors.py", line 164, in __call__
    await self.app(scope, receive, _send)
  File "/home/keshav/miniconda3/envs/sigmacld310/lib/python3.10/site-packages/starlette/middleware/base.py", line 189, in __call__
    with collapse_excgroups():
  File "/home/keshav/miniconda3/envs/sigmacld310/lib/python3.10/contextlib.py", line 153, in __exit__
    self.gen.throw(typ, value, traceback)
  File "/home/keshav/miniconda3/envs/sigmacld310/lib/python3.10/site-packages/starlette/_utils.py", line 93, in collapse_excgroups
    raise exc
  File "/home/keshav/miniconda3/envs/sigmacld310/lib/python3.10/site-packages/starlette/middleware/base.py", line 191, in __call__
    response = await self.dispatch_func(request, call_next)
  File "/home/keshav/Downloads/sigmacloud/backend/app/main.py", line 83, in request_logging_middleware
    response = await call_next(request)
  File "/home/keshav/miniconda3/envs/sigmacld310/lib/python3.10/site-packages/starlette/middleware/base.py", line 165, in call_next
    raise app_exc
  File "/home/keshav/miniconda3/envs/sigmacld310/lib/python3.10/site-packages/starlette/middleware/base.py", line 151, in coro
    await self.app(scope, receive_or_disconnect, send_no_error)
  File "/home/keshav/miniconda3/envs/sigmacld310/lib/python3.10/site-packages/starlette/middleware/gzip.py", line 26, in __call__
    await self.app(scope, receive, send)
  File "/home/keshav/miniconda3/envs/sigmacld310/lib/python3.10/site-packages/starlette/middleware/cors.py", line 85, in __call__
    await self.app(scope, receive, send)
  File "/home/keshav/miniconda3/envs/sigmacld310/lib/python3.10/site-packages/starlette/middleware/exceptions.py", line 65, in __call__
    await wrap_app_handling_exceptions(self.app, conn)(scope, receive, send)
  File "/home/keshav/miniconda3/envs/sigmacld310/lib/python3.10/site-packages/starlette/_exception_handler.py", line 64, in wrapped_app
    raise exc
  File "/home/keshav/miniconda3/envs/sigmacld310/lib/python3.10/site-packages/starlette/_exception_handler.py", line 53, in wrapped_app
    await app(scope, receive, sender)
  File "/home/keshav/miniconda3/envs/sigmacld310/lib/python3.10/site-packages/starlette/routing.py", line 756, in __call__
    await self.middleware_stack(scope, receive, send)
  File "/home/keshav/miniconda3/envs/sigmacld310/lib/python3.10/site-packages/starlette/routing.py", line 776, in app
    await route.handle(scope, receive, send)
  File "/home/keshav/miniconda3/envs/sigmacld310/lib/python3.10/site-packages/starlette/routing.py", line 297, in handle
    await self.app(scope, receive, send)
  File "/home/keshav/miniconda3/envs/sigmacld310/lib/python3.10/site-packages/starlette/routing.py", line 77, in app
    await wrap_app_handling_exceptions(app, request)(scope, receive, send)
  File "/home/keshav/miniconda3/envs/sigmacld310/lib/python3.10/site-packages/starlette/_exception_handler.py", line 64, in wrapped_app
    raise exc
  File "/home/keshav/miniconda3/envs/sigmacld310/lib/python3.10/site-packages/starlette/_exception_handler.py", line 53, in wrapped_app
    await app(scope, receive, sender)
  File "/home/keshav/miniconda3/envs/sigmacld310/lib/python3.10/site-packages/starlette/routing.py", line 72, in app
    response = await func(request)
  File "/home/keshav/miniconda3/envs/sigmacld310/lib/python3.10/site-packages/fastapi/routing.py", line 307, in app
    response = actual_response_class(content, **response_args)
  File "/home/keshav/miniconda3/envs/sigmacld310/lib/python3.10/site-packages/starlette/responses.py", line 184, in __init__
    super().__init__(content, status_code, headers, media_type, background)
  File "/home/keshav/miniconda3/envs/sigmacld310/lib/python3.10/site-packages/starlette/responses.py", line 41, in __init__
    self.body = self.render(content)
  File "/home/keshav/miniconda3/envs/sigmacld310/lib/python3.10/site-packages/starlette/responses.py", line 187, in render
    return json.dumps(
  File "/home/keshav/miniconda3/envs/sigmacld310/lib/python3.10/json/__init__.py", line 238, in dumps
    **kw).encode(obj)
  File "/home/keshav/miniconda3/envs/sigmacld310/lib/python3.10/json/encoder.py", line 199, in encode
    chunks = self.iterencode(o, _one_shot=True)
  File "/home/keshav/miniconda3/envs/sigmacld310/lib/python3.10/json/encoder.py", line 257, in iterencode
    return _iterencode(o, 0)
ValueError: Out of range float values are not JSON compliant
INFO:     127.0.0.1:51410 - "GET /api/models HTTP/1.1" 500 Internal Server Error
ERROR:    Exception in ASGI application
  + Exception Group Traceback (most recent call last):
  |   File "/home/keshav/miniconda3/envs/sigmacld310/lib/python3.10/site-packages/starlette/_utils.py", line 87, in collapse_excgroups
  |     yield
  |   File "/home/keshav/miniconda3/envs/sigmacld310/lib/python3.10/site-packages/starlette/middleware/base.py", line 190, in __call__
  |     async with anyio.create_task_group() as task_group:
  |   File "/home/keshav/miniconda3/envs/sigmacld310/lib/python3.10/site-packages/anyio/_backends/_asyncio.py", line 783, in __aexit__
  |     raise BaseExceptionGroup(
  | exceptiongroup.ExceptionGroup: unhandled errors in a TaskGroup (1 sub-exception)
  +-+---------------- 1 ----------------
    | Traceback (most recent call last):
    |   File "/home/keshav/miniconda3/envs/sigmacld310/lib/python3.10/site-packages/uvicorn/protocols/http/httptools_impl.py", line 411, in run_asgi
    |     result = await app(  # type: ignore[func-returns-value]
    |   File "/home/keshav/miniconda3/envs/sigmacld310/lib/python3.10/site-packages/uvicorn/middleware/proxy_headers.py", line 69, in __call__
    |     return await self.app(scope, receive, send)
    |   File "/home/keshav/miniconda3/envs/sigmacld310/lib/python3.10/site-packages/fastapi/applications.py", line 1054, in __call__
    |     await super().__call__(scope, receive, send)
    |   File "/home/keshav/miniconda3/envs/sigmacld310/lib/python3.10/site-packages/starlette/applications.py", line 123, in __call__
    |     await self.middleware_stack(scope, receive, send)
    |   File "/home/keshav/miniconda3/envs/sigmacld310/lib/python3.10/site-packages/starlette/middleware/errors.py", line 186, in __call__
    |     raise exc
    |   File "/home/keshav/miniconda3/envs/sigmacld310/lib/python3.10/site-packages/starlette/middleware/errors.py", line 164, in __call__
    |     await self.app(scope, receive, _send)
    |   File "/home/keshav/miniconda3/envs/sigmacld310/lib/python3.10/site-packages/starlette/middleware/base.py", line 189, in __call__
    |     with collapse_excgroups():
    |   File "/home/keshav/miniconda3/envs/sigmacld310/lib/python3.10/contextlib.py", line 153, in __exit__
    |     self.gen.throw(typ, value, traceback)
    |   File "/home/keshav/miniconda3/envs/sigmacld310/lib/python3.10/site-packages/starlette/_utils.py", line 93, in collapse_excgroups
    |     raise exc
    |   File "/home/keshav/miniconda3/envs/sigmacld310/lib/python3.10/site-packages/starlette/middleware/base.py", line 191, in __call__
    |     response = await self.dispatch_func(request, call_next)
    |   File "/home/keshav/Downloads/sigmacloud/backend/app/main.py", line 83, in request_logging_middleware
    |     response = await call_next(request)
    |   File "/home/keshav/miniconda3/envs/sigmacld310/lib/python3.10/site-packages/starlette/middleware/base.py", line 165, in call_next
    |     raise app_exc
    |   File "/home/keshav/miniconda3/envs/sigmacld310/lib/python3.10/site-packages/starlette/middleware/base.py", line 151, in coro
    |     await self.app(scope, receive_or_disconnect, send_no_error)
    |   File "/home/keshav/miniconda3/envs/sigmacld310/lib/python3.10/site-packages/starlette/middleware/gzip.py", line 26, in __call__
    |     await self.app(scope, receive, send)
    |   File "/home/keshav/miniconda3/envs/sigmacld310/lib/python3.10/site-packages/starlette/middleware/cors.py", line 85, in __call__
    |     await self.app(scope, receive, send)
    |   File "/home/keshav/miniconda3/envs/sigmacld310/lib/python3.10/site-packages/starlette/middleware/exceptions.py", line 65, in __call__
    |     await wrap_app_handling_exceptions(self.app, conn)(scope, receive, send)
    |   File "/home/keshav/miniconda3/envs/sigmacld310/lib/python3.10/site-packages/starlette/_exception_handler.py", line 64, in wrapped_app
    |     raise exc
    |   File "/home/keshav/miniconda3/envs/sigmacld310/lib/python3.10/site-packages/starlette/_exception_handler.py", line 53, in wrapped_app
    |     await app(scope, receive, sender)
    |   File "/home/keshav/miniconda3/envs/sigmacld310/lib/python3.10/site-packages/starlette/routing.py", line 756, in __call__
    |     await self.middleware_stack(scope, receive, send)
    |   File "/home/keshav/miniconda3/envs/sigmacld310/lib/python3.10/site-packages/starlette/routing.py", line 776, in app
    |     await route.handle(scope, receive, send)
    |   File "/home/keshav/miniconda3/envs/sigmacld310/lib/python3.10/site-packages/starlette/routing.py", line 297, in handle
    |     await self.app(scope, receive, send)
    |   File "/home/keshav/miniconda3/envs/sigmacld310/lib/python3.10/site-packages/starlette/routing.py", line 77, in app
    |     await wrap_app_handling_exceptions(app, request)(scope, receive, send)
    |   File "/home/keshav/miniconda3/envs/sigmacld310/lib/python3.10/site-packages/starlette/_exception_handler.py", line 64, in wrapped_app
    |     raise exc
    |   File "/home/keshav/miniconda3/envs/sigmacld310/lib/python3.10/site-packages/starlette/_exception_handler.py", line 53, in wrapped_app
    |     await app(scope, receive, sender)
    |   File "/home/keshav/miniconda3/envs/sigmacld310/lib/python3.10/site-packages/starlette/routing.py", line 72, in app
    |     response = await func(request)
    |   File "/home/keshav/miniconda3/envs/sigmacld310/lib/python3.10/site-packages/fastapi/routing.py", line 307, in app
    |     response = actual_response_class(content, **response_args)
    |   File "/home/keshav/miniconda3/envs/sigmacld310/lib/python3.10/site-packages/starlette/responses.py", line 184, in __init__
    |     super().__init__(content, status_code, headers, media_type, background)
    |   File "/home/keshav/miniconda3/envs/sigmacld310/lib/python3.10/site-packages/starlette/responses.py", line 41, in __init__
    |     self.body = self.render(content)
    |   File "/home/keshav/miniconda3/envs/sigmacld310/lib/python3.10/site-packages/starlette/responses.py", line 187, in render
    |     return json.dumps(
    |   File "/home/keshav/miniconda3/envs/sigmacld310/lib/python3.10/json/__init__.py", line 238, in dumps
    |     **kw).encode(obj)
    |   File "/home/keshav/miniconda3/envs/sigmacld310/lib/python3.10/json/encoder.py", line 199, in encode
    |     chunks = self.iterencode(o, _one_shot=True)
    |   File "/home/keshav/miniconda3/envs/sigmacld310/lib/python3.10/json/encoder.py", line 257, in iterencode
    |     return _iterencode(o, 0)
    | ValueError: Out of range float values are not JSON compliant
    +------------------------------------

During handling of the above exception, another exception occurred:

Traceback (most recent call last):
  File "/home/keshav/miniconda3/envs/sigmacld310/lib/python3.10/site-packages/uvicorn/protocols/http/httptools_impl.py", line 411, in run_asgi
    result = await app(  # type: ignore[func-returns-value]
  File "/home/keshav/miniconda3/envs/sigmacld310/lib/python3.10/site-packages/uvicorn/middleware/proxy_headers.py", line 69, in __call__
    return await self.app(scope, receive, send)
  File "/home/keshav/miniconda3/envs/sigmacld310/lib/python3.10/site-packages/fastapi/applications.py", line 1054, in __call__
    await super().__call__(scope, receive, send)
  File "/home/keshav/miniconda3/envs/sigmacld310/lib/python3.10/site-packages/starlette/applications.py", line 123, in __call__
    await self.middleware_stack(scope, receive, send)
  File "/home/keshav/miniconda3/envs/sigmacld310/lib/python3.10/site-packages/starlette/middleware/errors.py", line 186, in __call__
    raise exc
  File "/home/keshav/miniconda3/envs/sigmacld310/lib/python3.10/site-packages/starlette/middleware/errors.py", line 164, in __call__
    await self.app(scope, receive, _send)
  File "/home/keshav/miniconda3/envs/sigmacld310/lib/python3.10/site-packages/starlette/middleware/base.py", line 189, in __call__
    with collapse_excgroups():
  File "/home/keshav/miniconda3/envs/sigmacld310/lib/python3.10/contextlib.py", line 153, in __exit__
    self.gen.throw(typ, value, traceback)
  File "/home/keshav/miniconda3/envs/sigmacld310/lib/python3.10/site-packages/starlette/_utils.py", line 93, in collapse_excgroups
    raise exc
  File "/home/keshav/miniconda3/envs/sigmacld310/lib/python3.10/site-packages/starlette/middleware/base.py", line 191, in __call__
    response = await self.dispatch_func(request, call_next)
  File "/home/keshav/Downloads/sigmacloud/backend/app/main.py", line 83, in request_logging_middleware
    response = await call_next(request)
  File "/home/keshav/miniconda3/envs/sigmacld310/lib/python3.10/site-packages/starlette/middleware/base.py", line 165, in call_next
    raise app_exc
  File "/home/keshav/miniconda3/envs/sigmacld310/lib/python3.10/site-packages/starlette/middleware/base.py", line 151, in coro
    await self.app(scope, receive_or_disconnect, send_no_error)
  File "/home/keshav/miniconda3/envs/sigmacld310/lib/python3.10/site-packages/starlette/middleware/gzip.py", line 26, in __call__
    await self.app(scope, receive, send)
  File "/home/keshav/miniconda3/envs/sigmacld310/lib/python3.10/site-packages/starlette/middleware/cors.py", line 85, in __call__
    await self.app(scope, receive, send)
  File "/home/keshav/miniconda3/envs/sigmacld310/lib/python3.10/site-packages/starlette/middleware/exceptions.py", line 65, in __call__
    await wrap_app_handling_exceptions(self.app, conn)(scope, receive, send)
  File "/home/keshav/miniconda3/envs/sigmacld310/lib/python3.10/site-packages/starlette/_exception_handler.py", line 64, in wrapped_app
    raise exc
  File "/home/keshav/miniconda3/envs/sigmacld310/lib/python3.10/site-packages/starlette/_exception_handler.py", line 53, in wrapped_app
    await app(scope, receive, sender)
  File "/home/keshav/miniconda3/envs/sigmacld310/lib/python3.10/site-packages/starlette/routing.py", line 756, in __call__
    await self.middleware_stack(scope, receive, send)
  File "/home/keshav/miniconda3/envs/sigmacld310/lib/python3.10/site-packages/starlette/routing.py", line 776, in app
    await route.handle(scope, receive, send)
  File "/home/keshav/miniconda3/envs/sigmacld310/lib/python3.10/site-packages/starlette/routing.py", line 297, in handle
    await self.app(scope, receive, send)
  File "/home/keshav/miniconda3/envs/sigmacld310/lib/python3.10/site-packages/starlette/routing.py", line 77, in app
    await wrap_app_handling_exceptions(app, request)(scope, receive, send)
  File "/home/keshav/miniconda3/envs/sigmacld310/lib/python3.10/site-packages/starlette/_exception_handler.py", line 64, in wrapped_app
    raise exc
  File "/home/keshav/miniconda3/envs/sigmacld310/lib/python3.10/site-packages/starlette/_exception_handler.py", line 53, in wrapped_app
    await app(scope, receive, sender)
  File "/home/keshav/miniconda3/envs/sigmacld310/lib/python3.10/site-packages/starlette/routing.py", line 72, in app
    response = await func(request)
  File "/home/keshav/miniconda3/envs/sigmacld310/lib/python3.10/site-packages/fastapi/routing.py", line 307, in app
    response = actual_response_class(content, **response_args)
  File "/home/keshav/miniconda3/envs/sigmacld310/lib/python3.10/site-packages/starlette/responses.py", line 184, in __init__
    super().__init__(content, status_code, headers, media_type, background)
  File "/home/keshav/miniconda3/envs/sigmacld310/lib/python3.10/site-packages/starlette/responses.py", line 41, in __init__
    self.body = self.render(content)
  File "/home/keshav/miniconda3/envs/sigmacld310/lib/python3.10/site-packages/starlette/responses.py", line 187, in render
    return json.dumps(
  File "/home/keshav/miniconda3/envs/sigmacld310/lib/python3.10/json/__init__.py", line 238, in dumps
    **kw).encode(obj)
  File "/home/keshav/miniconda3/envs/sigmacld310/lib/python3.10/json/encoder.py", line 199, in encode
    chunks = self.iterencode(o, _one_shot=True)
  File "/home/keshav/miniconda3/envs/sigmacld310/lib/python3.10/json/encoder.py", line 257, in iterencode
    return _iterencode(o, 0)
ValueError: Out of range float values are not JSON compliant
